[    0.000000] Initializing cgroup subsys cpuset
[    0.000000] Initializing cgroup subsys cpu
[    0.000000] Initializing cgroup subsys cpuacct
[    0.000000] Linux version 4.4.0-83-generic (buildd@lgw01-29) (gcc version 5.4.0 20160609 (Ubuntu 5.4.0-6ubuntu1~16.04.4) ) #106-Ubuntu SMP Mon Jun 26 17:54:43 UTC 2017 (Ubuntu 4.4.0-83.106-generic 4.4.70)
[    0.000000] Command line: BOOT_IMAGE=/boot/vmlinuz-4.4.0-83-generic root=LABEL=cloudimg-rootfs ro console=tty1 console=ttyS0
[    0.000000] KERNEL supported cpus:
[    0.000000]   Intel GenuineIntel
[    0.000000]   AMD AuthenticAMD
[    0.000000]   Centaur CentaurHauls
[    0.000000] x86/fpu: Legacy x87 FPU detected.
[    0.000000] x86/fpu: Using 'lazy' FPU context switches.
[    0.000000] e820: BIOS-provided physical RAM map:
[    0.000000] BIOS-e820: [mem 0x0000000000000000-0x000000000009fbff] usable
[    0.000000] BIOS-e820: [mem 0x000000000009fc00-0x000000000009ffff] reserved
[    0.000000] BIOS-e820: [mem 0x00000000000f0000-0x00000000000fffff] reserved
[    0.000000] BIOS-e820: [mem 0x0000000000100000-0x000000003ffeffff] usable
[    0.000000] BIOS-e820: [mem 0x000000003fff0000-0x000000003fffffff] ACPI data
[    0.000000] BIOS-e820: [mem 0x00000000fec00000-0x00000000fec00fff] reserved
[    0.000000] BIOS-e820: [mem 0x00000000fee00000-0x00000000fee00fff] reserved
[    0.000000] BIOS-e820: [mem 0x00000000fffc0000-0x00000000ffffffff] reserved
[    0.000000] NX (Execute Disable) protection: active
[    0.000000] SMBIOS 2.5 present.
[    0.000000] Hypervisor detected: KVM
[    0.000000] e820: last_pfn = 0x3fff0 max_arch_pfn = 0x400000000
[    0.000000] MTRR: Disabled
[    0.000000] x86/PAT: MTRRs disabled, skipping PAT initialization too.
[    0.000000] x86/PAT: Configuration [0-7]: WB  WT  UC- UC  WB  WT  UC- UC  
[    0.000000] CPU MTRRs all blank - virtualized system.
[    0.000000] found SMP MP-table at [mem 0x0009fff0-0x0009ffff] mapped at [ffff88000009fff0]
[    0.000000] Scanning 1 areas for low memory corruption
[    0.000000] RAMDISK: [mem 0x36ac6000-0x3755afff]
[    0.000000] ACPI: Early table checksum verification disabled
[    0.000000] ACPI: RSDP 0x00000000000E0000 000024 (v02 VBOX  )
[    0.000000] ACPI: XSDT 0x000000003FFF0030 00003C (v01 VBOX   VBOXXSDT 00000001 ASL  00000061)
[    0.000000] ACPI: FACP 0x000000003FFF00F0 0000F4 (v04 VBOX   VBOXFACP 00000001 ASL  00000061)
[    0.000000] ACPI: DSDT 0x000000003FFF0470 0021C8 (v02 VBOX   VBOXBIOS 00000002 INTL 20170303)
[    0.000000] ACPI: FACS 0x000000003FFF0200 000040
[    0.000000] ACPI: FACS 0x000000003FFF0200 000040
[    0.000000] ACPI: APIC 0x000000003FFF0240 00005C (v02 VBOX   VBOXAPIC 00000001 ASL  00000061)
[    0.000000] ACPI: SSDT 0x000000003FFF02A0 0001CC (v01 VBOX   VBOXCPUT 00000002 INTL 20170303)
[    0.000000] No NUMA configuration found
[    0.000000] Faking a node at [mem 0x0000000000000000-0x000000003ffeffff]
[    0.000000] NODE_DATA(0) allocated [mem 0x3ffeb000-0x3ffeffff]
[    0.000000] kvm-clock: Using msrs 4b564d01 and 4b564d00
[    0.000000] kvm-clock: cpu 0, msr 0:3ffe3001, primary cpu clock
[    0.000000] kvm-clock: using sched offset of 3919457125 cycles
[    0.000000] clocksource: kvm-clock: mask: 0xffffffffffffffff max_cycles: 0x1cd42e4dffb, max_idle_ns: 881590591483 ns
[    0.000000] Zone ranges:
[    0.000000]   DMA      [mem 0x0000000000001000-0x0000000000ffffff]
[    0.000000]   DMA32    [mem 0x0000000001000000-0x000000003ffeffff]
[    0.000000]   Normal   empty
[    0.000000]   Device   empty
[    0.000000] Movable zone start for each node
[    0.000000] Early memory node ranges
[    0.000000]   node   0: [mem 0x0000000000001000-0x000000000009efff]
[    0.000000]   node   0: [mem 0x0000000000100000-0x000000003ffeffff]
[    0.000000] Initmem setup node 0 [mem 0x0000000000001000-0x000000003ffeffff]
[    0.000000] ACPI: PM-Timer IO Port: 0x4008
[    0.000000] IOAPIC[0]: apic_id 2, version 32, address 0xfec00000, GSI 0-23
[    0.000000] ACPI: INT_SRC_OVR (bus 0 bus_irq 0 global_irq 2 dfl dfl)
[    0.000000] ACPI: INT_SRC_OVR (bus 0 bus_irq 9 global_irq 9 high level)
[    0.000000] Using ACPI (MADT) for SMP configuration information
[    0.000000] smpboot: Allowing 2 CPUs, 0 hotplug CPUs
[    0.000000] PM: Registered nosave memory: [mem 0x00000000-0x00000fff]
[    0.000000] PM: Registered nosave memory: [mem 0x0009f000-0x0009ffff]
[    0.000000] PM: Registered nosave memory: [mem 0x000a0000-0x000effff]
[    0.000000] PM: Registered nosave memory: [mem 0x000f0000-0x000fffff]
[    0.000000] e820: [mem 0x40000000-0xfebfffff] available for PCI devices
[    0.000000] Booting paravirtualized kernel on KVM
[    0.000000] clocksource: refined-jiffies: mask: 0xffffffff max_cycles: 0xffffffff, max_idle_ns: 7645519600211568 ns
[    0.000000] setup_percpu: NR_CPUS:512 nr_cpumask_bits:512 nr_cpu_ids:2 nr_node_ids:1
[    0.000000] PERCPU: Embedded 33 pages/cpu @ffff88003fc00000 s98264 r8192 d28712 u1048576
[    0.000000] PV qspinlock hash table entries: 256 (order: 0, 4096 bytes)
[    0.000000] Built 1 zonelists in Node order, mobility grouping on.  Total pages: 257913
[    0.000000] Policy zone: DMA32
[    0.000000] Kernel command line: BOOT_IMAGE=/boot/vmlinuz-4.4.0-83-generic root=LABEL=cloudimg-rootfs ro console=tty1 console=ttyS0
[    0.000000] PID hash table entries: 4096 (order: 3, 32768 bytes)
[    0.000000] Memory: 1001740K/1048120K available (8469K kernel code, 1294K rwdata, 3984K rodata, 1488K init, 1316K bss, 46380K reserved, 0K cma-reserved)
[    0.000000] SLUB: HWalign=64, Order=0-3, MinObjects=0, CPUs=2, Nodes=1
[    0.000000] Hierarchical RCU implementation.
[    0.000000] 	Build-time adjustment of leaf fanout to 64.
[    0.000000] 	RCU restricting CPUs from NR_CPUS=512 to nr_cpu_ids=2.
[    0.000000] RCU: Adjusting geometry for rcu_fanout_leaf=64, nr_cpu_ids=2
[    0.000000] NR_IRQS:33024 nr_irqs:440 16
[    0.000000] Console: colour VGA+ 80x25
[    0.000000] console [tty1] enabled
[    0.000000] console [ttyS0] enabled
[    0.000000] tsc: Detected 3207.270 MHz processor
[    0.689526] Calibrating delay loop (skipped) preset value.. 6414.54 BogoMIPS (lpj=12829080)
[    0.691327] pid_max: default: 32768 minimum: 301
[    0.692295] ACPI: Core revision 20150930
[    0.694093] ACPI: 2 ACPI AML tables successfully acquired and loaded
[    0.696543] Security Framework initialized
[    0.697396] Yama: becoming mindful.
[    0.698176] AppArmor: AppArmor initialized
[    0.699108] Dentry cache hash table entries: 131072 (order: 8, 1048576 bytes)
[    0.704519] Inode-cache hash table entries: 65536 (order: 7, 524288 bytes)
[    0.757482] Mount-cache hash table entries: 2048 (order: 2, 16384 bytes)
[    0.760638] Mountpoint-cache hash table entries: 2048 (order: 2, 16384 bytes)
[    0.761771] Initializing cgroup subsys io
[    0.762439] Initializing cgroup subsys memory
[    0.773678] Initializing cgroup subsys devices
[    0.774410] Initializing cgroup subsys freezer
[    0.775135] Initializing cgroup subsys net_cls
[    0.775838] Initializing cgroup subsys perf_event
[    0.776570] Initializing cgroup subsys net_prio
[    0.777293] Initializing cgroup subsys hugetlb
[    0.778001] Initializing cgroup subsys pids
[    0.778758] CPU: Physical Processor ID: 0
[    0.779450] CPU: Processor Core ID: 0
[    0.780081] mce: CPU supports 0 MCE banks
[    0.780760] Last level iTLB entries: 4KB 512, 2MB 7, 4MB 7
[    0.781572] Last level dTLB entries: 4KB 512, 2MB 32, 4MB 32, 1GB 0
[    0.846600] Freeing SMP alternatives memory: 32K (ffffffff820b9000 - ffffffff820c1000)
[    0.901130] ftrace: allocating 32129 entries in 126 pages
[    1.043620] smpboot: APIC(0) Converting physical 0 to logical package 0
[    1.105936] smpboot: Max logical packages: 1
[    1.113410] x2apic enabled
[    1.114158] Switched APIC routing to physical x2apic.
[    1.116005] ..TIMER: vector=0x30 apic1=0 pin1=2 apic2=-1 pin2=-1
[    1.222938] smpboot: CPU0: Intel(R) Core(TM) i7 CPU         960  @ 3.20GHz (family: 0x6, model: 0x1a, stepping: 0x5)
[    1.295959] Performance Events: unsupported p6 CPU model 26 no PMU driver, software events only.
[    1.329321] KVM setup paravirtual spinlock
[    1.440374] x86: Booting SMP configuration:
[    1.521260] .... node  #0, CPUs:      #1
[    1.604913] kvm-clock: cpu 1, msr 0:3ffe3041, secondary cpu clock
[    1.616094] mce: CPU supports 0 MCE banks
[    1.646720] x86: Booted up 1 node, 2 CPUs
[    1.648945] smpboot: Total of 2 processors activated (12829.08 BogoMIPS)
[    1.656876] devtmpfs: initialized
[    1.660474] evm: security.selinux
[    1.667036] evm: security.SMACK64
[    1.667824] evm: security.SMACK64EXEC
[    1.673109] evm: security.SMACK64TRANSMUTE
[    1.738065] evm: security.SMACK64MMAP
[    1.760060] evm: security.ima
[    1.760625] evm: security.capability
[    1.761512] clocksource: jiffies: mask: 0xffffffff max_cycles: 0xffffffff, max_idle_ns: 7645041785100000 ns
[    1.762980] futex hash table entries: 512 (order: 3, 32768 bytes)
[    1.764005] pinctrl core: initialized pinctrl subsystem
[    1.792958] RTC time: 18:28:56, date: 07/25/17
[    1.838631] NET: Registered protocol family 16
[    1.859204] cpuidle: using governor ladder
[    1.930767] cpuidle: using governor menu
[    1.953658] PCCT header not found.
[    1.991324] ACPI: bus type PCI registered
[    2.087566] acpiphp: ACPI Hot Plug PCI Controller Driver version: 0.5
[    2.185955] PCI: Using configuration type 1 for base access
[    2.271773] ACPI: Added _OSI(Module Device)
[    2.290121] ACPI: Added _OSI(Processor Device)
[    2.291062] ACPI: Added _OSI(3.0 _SCP Extensions)
[    2.297472] ACPI: Added _OSI(Processor Aggregator Device)
[    2.300553] ACPI: Executed 1 blocks of module-level executable AML code
[    2.306398] ACPI: Interpreter enabled
[    2.311613] ACPI: (supports S0 S5)
[    2.312360] ACPI: Using IOAPIC for interrupt routing
[    2.313499] PCI: Using host bridge windows from ACPI; if necessary, use "pci=nocrs" and report a bug
[    2.321474] ACPI: PCI Root Bridge [PCI0] (domain 0000 [bus 00-ff])
[    2.326618] acpi PNP0A03:00: _OSC: OS supports [ASPM ClockPM Segments MSI]
[    2.327899] acpi PNP0A03:00: _OSC failed (AE_NOT_FOUND); disabling ASPM
[    2.329092] acpi PNP0A03:00: fail to add MMCONFIG information, can't access extended PCI configuration space under this bridge.
[    2.331442] PCI host bridge to bus 0000:00
[    2.336910] pci_bus 0000:00: root bus resource [io  0x0000-0x0cf7 window]
[    2.338258] pci_bus 0000:00: root bus resource [io  0x0d00-0xffff window]
[    2.369909] pci_bus 0000:00: root bus resource [mem 0x000a0000-0x000bffff window]
[    2.521037] pci_bus 0000:00: root bus resource [mem 0x40000000-0xffdfffff window]
[    2.566491] pci_bus 0000:00: root bus resource [bus 00-ff]
[    2.568611] pci 0000:00:01.1: legacy IDE quirk: reg 0x10: [io  0x01f0-0x01f7]
[    2.571730] pci 0000:00:01.1: legacy IDE quirk: reg 0x14: [io  0x03f6]
[    2.577991] pci 0000:00:01.1: legacy IDE quirk: reg 0x18: [io  0x0170-0x0177]
[    2.578963] pci 0000:00:01.1: legacy IDE quirk: reg 0x1c: [io  0x0376]
[    2.597490] pci 0000:00:07.0: quirk: [io  0x4000-0x403f] claimed by PIIX4 ACPI
[    2.657558] pci 0000:00:07.0: quirk: [io  0x4100-0x410f] claimed by PIIX4 SMB
[    2.666890] ACPI: PCI Interrupt Link [LNKA] (IRQs 5 9 10 *11)
[    2.688699] ACPI: PCI Interrupt Link [LNKB] (IRQs 5 9 10 *11)
[    2.719183] ACPI: PCI Interrupt Link [LNKC] (IRQs 5 9 *10 11)
[    2.720784] ACPI: PCI Interrupt Link [LNKD] (IRQs 5 *9 10 11)
[    2.726371] ACPI: Enabled 2 GPEs in block 00 to 07
[    2.727941] vgaarb: setting as boot device: PCI:0000:00:02.0
[    2.729080] vgaarb: device added: PCI:0000:00:02.0,decodes=io+mem,owns=io+mem,locks=none
[    2.741280] vgaarb: loaded
[    2.806145] vgaarb: bridge control possible 0000:00:02.0
[    2.860228] SCSI subsystem initialized
[    2.867479] ACPI: bus type USB registered
[    2.872012] usbcore: registered new interface driver usbfs
[    2.879588] usbcore: registered new interface driver hub
[    2.880399] usbcore: registered new device driver usb
[    2.881522] PCI: Using ACPI for IRQ routing
[    2.882444] NetLabel: Initializing
[    2.888376] NetLabel:  domain hash size = 128
[    2.894440] NetLabel:  protocols = UNLABELED CIPSOv4
[    2.895219] NetLabel:  unlabeled traffic allowed by default
[    2.896238] amd_nb: Cannot enumerate AMD northbridges
[    2.897070] clocksource: Switched to clocksource kvm-clock
[    2.904613] AppArmor: AppArmor Filesystem Enabled
[    3.012270] pnp: PnP ACPI init
[    3.013578] pnp: PnP ACPI: found 3 devices
[    3.030915] clocksource: acpi_pm: mask: 0xffffff max_cycles: 0xffffff, max_idle_ns: 2085701024 ns
[    3.080599] NET: Registered protocol family 2
[    3.152946] TCP established hash table entries: 8192 (order: 4, 65536 bytes)
[    3.301408] TCP bind hash table entries: 8192 (order: 5, 131072 bytes)
[    3.302345] TCP: Hash tables configured (established 8192 bind 8192)
[    3.303277] UDP hash table entries: 512 (order: 2, 16384 bytes)
[    3.304154] UDP-Lite hash table entries: 512 (order: 2, 16384 bytes)
[    3.305110] NET: Registered protocol family 1
[    3.316572] pci 0000:00:00.0: Limiting direct PCI/PCI transfers
[    3.462798] pci 0000:00:01.0: Activating ISA DMA hang workarounds
[    3.496777] Unpacking initramfs...
[    5.347356] Freeing initrd memory: 10836K (ffff880036ac6000 - ffff88003755b000)
[    5.447419] platform rtc_cmos: registered platform RTC device (no PNP device found)
[    5.471744] Scanning for low memory corruption every 60 seconds
[    5.602801] audit: initializing netlink subsys (disabled)
[    5.689435] audit: type=2000 audit(1501007343.487:1): initialized
[    5.710828] Initialise system trusted keyring
[    5.711957] HugeTLB registered 2 MB page size, pre-allocated 0 pages
[    5.714290] zbud: loaded
[    5.715262] VFS: Disk quotas dquot_6.6.0
[    5.715959] VFS: Dquot-cache hash table entries: 512 (order 0, 4096 bytes)
[    5.717206] squashfs: version 4.0 (2009/01/31) Phillip Lougher
[    5.718498] fuse init (API version 7.23)
[    5.719330] Key type big_key registered
[    5.719993] Allocating IMA MOK and blacklist keyrings.
[    5.722772] Key type asymmetric registered
[    5.757702] Asymmetric key parser 'x509' registered
[    5.833615] Block layer SCSI generic (bsg) driver version 0.4 loaded (major 249)
[    5.840570] io scheduler noop registered
[    5.858925] io scheduler deadline registered (default)
[    5.881981] io scheduler cfq registered
[    5.888639] pci_hotplug: PCI Hot Plug PCI Core version: 0.5
[    5.903879] pciehp: PCI Express Hot Plug Controller Driver version: 0.4
[    5.909954] ACPI: AC Adapter [AC] (on-line)
[    5.911025] input: Power Button as /devices/LNXSYSTM:00/LNXPWRBN:00/input/input0
[    5.922355] ACPI: Power Button [PWRF]
[    5.924144] input: Sleep Button as /devices/LNXSYSTM:00/LNXSLPBN:00/input/input1
[    5.926765] ACPI: Sleep Button [SLPF]
[    5.927744] GHES: HEST is not enabled!
[    5.928382] ACPI: Battery Slot [BAT0] (battery present)
[    5.930751] Serial: 8250/16550 driver, 32 ports, IRQ sharing enabled
[    5.956440] 00:02: ttyS0 at I/O 0x3f8 (irq = 4, base_baud = 115200) is a 16550A
[    6.006469] Linux agpgart interface v0.103
[    6.013118] loop: module loaded
[    6.018307] scsi host0: ata_piix
[    6.042552] scsi host1: ata_piix
[    6.051819] ata1: PATA max UDMA/33 cmd 0x1f0 ctl 0x3f6 bmdma 0xd000 irq 14
[    6.059575] ata2: PATA max UDMA/33 cmd 0x170 ctl 0x376 bmdma 0xd008 irq 15
[    6.062359] libphy: Fixed MDIO Bus: probed
[    6.063171] tun: Universal TUN/TAP device driver, 1.6
[    6.069938] tun: (C) 1999-2004 Max Krasnyansky <maxk@qualcomm.com>
[    6.074520] PPP generic driver version 2.4.2
[    6.121374] ehci_hcd: USB 2.0 'Enhanced' Host Controller (EHCI) Driver
[    6.168855] ehci-pci: EHCI PCI platform driver
[    6.184156] ehci-platform: EHCI generic platform driver
[    6.186212] ohci_hcd: USB 1.1 'Open' Host Controller (OHCI) Driver
[    6.187171] ohci-pci: OHCI PCI platform driver
[    6.204051] ohci-platform: OHCI generic platform driver
[    6.206469] uhci_hcd: USB Universal Host Controller Interface driver
[    6.235368] i8042: PNP: PS/2 Controller [PNP0303:PS2K,PNP0f03:PS2M] at 0x60,0x64 irq 1,12
[    6.268289] serio: i8042 KBD port at 0x60,0x64 irq 1
[    6.296040] serio: i8042 AUX port at 0x60,0x64 irq 12
[    6.304761] mousedev: PS/2 mouse device common for all mice
[    6.307326] input: AT Translated Set 2 keyboard as /devices/platform/i8042/serio0/input/input2
[    6.310869] rtc_cmos rtc_cmos: rtc core: registered rtc_cmos as rtc0
[    6.366641] rtc_cmos rtc_cmos: alarms up to one day, 114 bytes nvram
[    6.445620] tsc: Refined TSC clocksource calibration: 3207.352 MHz
[    6.445622] clocksource: tsc: mask: 0xffffffffffffffff max_cycles: 0x2e3b6b727aa, max_idle_ns: 440795342018 ns
[    6.987002] i2c /dev entries driver
[    7.016344] device-mapper: uevent: version 1.0.3
[    7.017548] device-mapper: ioctl: 4.34.0-ioctl (2015-10-28) initialised: dm-devel@redhat.com
[    7.436406] ledtrig-cpu: registered to indicate activity on CPUs
[    7.517041] NET: Registered protocol family 10
[    7.566328] NET: Registered protocol family 17
[    7.766250] Key type dns_resolver registered
[    7.817075] microcode: CPU0 sig=0x106a5, pf=0x4, revision=0x616
[    7.886200] microcode: CPU1 sig=0x106a5, pf=0x4, revision=0x616
[    8.043925] microcode: Microcode Update Driver: v2.01 <tigran@aivazian.fsnet.co.uk>, Peter Oruba
[    8.076868] registered taskstats version 1
[    8.077652] Loading compiled-in X.509 certificates
[    8.087334] Loaded X.509 cert 'Build time autogenerated kernel key: 35105354eb779045e4d9ad793dead39d5ee93f76'
[    8.097169] zswap: loaded using pool lzo/zbud
[    8.099746] Key type trusted registered
[    8.219888] Key type encrypted registered
[    8.406266] AppArmor: AppArmor sha1 policy hashing enabled
[    8.413846] ima: No TPM chip found, activating TPM-bypass!
[    8.414895] evm: HMAC attrs: 0x1
[    8.415862]   Magic number: 9:720:494
[    8.416763] rtc_cmos rtc_cmos: setting system clock to 2017-07-25 18:29:03 UTC (1501007343)
[    8.418651] BIOS EDD facility v0.16 2004-Jun-25, 0 devices found
[    8.626174] EDD information not available.
[    8.701153] Freeing unused kernel memory: 1488K (ffffffff81f45000 - ffffffff820b9000)
[    8.717020] Write protecting the kernel read-only data: 14336k
[    8.718703] Freeing unused kernel memory: 1760K (ffff880001848000 - ffff880001a00000)
[    8.966685] Freeing unused kernel memory: 112K (ffff880001de4000 - ffff880001e00000)
Loading, please wait...
starting version[    9.298529] random: systemd-udevd: uninitialized urandom read (16 bytes read, 3 bits of entropy available)
 229
[    9.299623] random: udevadm: uninitialized urandom read (16 bytes read, 3 bits of entropy available)
[    9.299685] random: udevadm: uninitialized urandom read (16 bytes read, 3 bits of entropy available)
[    9.299902] random: udevadm: uninitialized urandom read (16 bytes read, 3 bits of entropy available)
[    9.299991] random: udevadm: uninitialized urandom read (16 bytes read, 3 bits of entropy available)
[    9.300080] random: udevadm: uninitialized urandom read (16 bytes read, 3 bits of entropy available)
[    9.300171] random: udevadm: uninitialized urandom read (16 bytes read, 3 bits of entropy available)
[    9.300262] random: udevadm: uninitialized urandom read (16 bytes read, 3 bits of entropy available)
[    9.300361] random: udevadm: uninitialized urandom read (16 bytes read, 3 bits of entropy available)
[    9.300454] random: udevadm: uninitialized urandom read (16 bytes read, 3 bits of entropy available)
[    9.435134] e1000: Intel(R) PRO/1000 Network Driver - version 7.3.21-k8-NAPI
[    9.496605] e1000: Copyright (c) 1999-2006 Intel Corporation.
[    9.502280] Fusion MPT base driver 3.04.20
[    9.566519] Copyright (c) 1999-2008 LSI Corporation
[    9.621279] Fusion MPT SPI Host driver 3.04.20
[    9.839640] input: ImExPS/2 Generic Explorer Mouse as /devices/platform/i8042/serio1/input/input4
[    9.962753] e1000 0000:00:03.0 eth0: (PCI:33MHz:32-bit) 02:e9:3a:83:3e:e2
[    9.981354] e1000 0000:00:03.0 eth0: Intel(R) PRO/1000 Network Connection
[   10.021547] mptbase: ioc0: Initiating bringup
[   10.021823] e1000 0000:00:03.0 enp0s3: renamed from eth0
[   10.185375] ioc0: LSI53C1030 A0: Capabilities={Initiator}
[   10.347895] scsi host2: ioc0: LSI53C1030 A0, FwRev=00000000h, Ports=1, MaxQ=256, IRQ=20
[   10.497941] scsi 2:0:0:0: Direct-Access     VBOX     HARDDISK         1.0  PQ: 0 ANSI: 5
[   10.549041] scsi target2:0:0: Beginning Domain Validation
[   10.570929] scsi target2:0:0: Domain Validation skipping write tests
[   10.716298] scsi target2:0:0: Ending Domain Validation
[   10.717188] scsi target2:0:0: asynchronous
[   10.718553] scsi 2:0:1:0: Direct-Access     VBOX     HARDDISK         1.0  PQ: 0 ANSI: 5
[   10.719819] scsi target2:0:1: Beginning Domain Validation
[   10.722682] scsi target2:0:1: Domain Validation skipping write tests
[   10.816856] scsi target2:0:1: Ending Domain Validation
[   10.914876] scsi target2:0:1: asynchronous
[   10.923379] sd 2:0:0:0: [sda] 20971520 512-byte logical blocks: (10.7 GB/10.0 GiB)
[   11.286782] sd 2:0:0:0: Attached scsi generic sg0 type 0
[   11.315215] sd 2:0:0:0: [sda] Write Protect is off
[   11.340035] sd 2:0:0:0: [sda] Incomplete mode parameter data
[   11.340960] sd 2:0:1:0: [sdb] 20480 512-byte logical blocks: (10.5 MB/10.0 MiB)
[   11.341249] sd 2:0:1:0: [sdb] Write Protect is off
[   11.341428] sd 2:0:1:0: [sdb] Incomplete mode parameter data
[   11.341430] sd 2:0:1:0: [sdb] Assuming drive cache: write through
[   11.366776] sd 2:0:1:0: Attached scsi generic sg1 type 0
[   11.369772] sd 2:0:1:0: [sdb] Attached SCSI disk
[   11.755278] sd 2:0:0:0: [sda] Assuming drive cache: write through
[   11.819203]  sda: sda1
[   11.820653] sd 2:0:0:0: [sda] Attached SCSI disk
[   12.572945] floppy0: no floppy controllers found
Begin: Loading e[   13.976009] md: linear personality registered for level -1
ssential drivers ... [   14.069965] md: multipath personality registered for level -4
[   14.077326] md: raid0 personality registered for level 0
[   14.133283] md: raid1 personality registered for level 1
[   14.235852] raid6: sse2x1   gen()  5459 MB/s
[   14.590858] raid6: sse2x1   xor()  6270 MB/s
[   14.697599] raid6: sse2x2   gen()  9645 MB/s
[   14.785854] raid6: sse2x2   xor()  7785 MB/s
[   14.865861] raid6: sse2x4   gen() 11646 MB/s
[   14.945886] raid6: sse2x4   xor()  8652 MB/s
[   14.966774] raid6: using algorithm sse2x4 gen() 11646 MB/s
[   14.967843] raid6: .... xor() 8652 MB/s, rmw enabled
[   14.968825] raid6: using ssse3x2 recovery algorithm
[   14.972913] xor: measuring software checksum speed
[   15.045171]    prefetch64-sse:  6162.000 MB/sec
[   15.121214]    generic_sse: 10722.000 MB/sec
[   15.211176] xor: using function: generic_sse (10722.000 MB/sec)
[   15.301192] async_tx: api initialized (async)
[   15.404093] md: raid6 personality registered for level 6
[   15.442795] md: raid5 personality registered for level 5
[   15.518852] md: raid4 personality registered for level 4
[   15.555116] md: raid10 personality registered for level 10
done.
Begin: Running /scripts/init-premount ... done.
Begin: Mounting root file system ... Begin: Running /scripts/local-top ... done.
Begin: Running /scripts/local-premount ... [   15.588893] Btrfs loaded
Scanning for Btrfs filesystems
done.
Warning: fsck no[   15.649729] EXT4-fs (sda1): mounted filesystem with ordered data mode. Opts: (null)
t present, so skipping root file system
done.
Begin: Running /scripts/local-bottom ... done.
Begin: Running /scripts/init-bottom ... done.
[   15.920637] systemd[1]: systemd 229 running in system mode. (+PAM +AUDIT +SELINUX +IMA +APPARMOR +SMACK +SYSVINIT +UTMP +LIBCRYPTSETUP +GCRYPT +GNUTLS +ACL +XZ -LZ4 +SECCOMP +BLKID +ELFUTILS +KMOD -IDN)
[   16.087400] systemd[1]: Detected virtualization oracle.
[   16.166581] systemd[1]: Detected architecture x86-64.

Welcome to [1mUbuntu 16.04.2 LTS[0m!

[   16.185846] systemd[1]: Set hostname to <ubuntu>.
[   16.200098] systemd[1]: Initializing machine ID from random generator.
[   16.207086] systemd[1]: Installed transient /etc/machine-id file.
[   16.449286] systemd[1]: Listening on Device-mapper event daemon FIFOs.
[[0;32m  OK  [0m] Listening on Device-mapper event daemon FIFOs.
[   16.718373] systemd[1]: Listening on udev Kernel Socket.
[[0;32m  OK  [0m] Listening on udev Kernel Socket.
[   16.817974] systemd[1]: Created slice System Slice.
[[0;32m  OK  [0m] Created slice System Slice.
[   16.890813] systemd[1]: Listening on /dev/initctl Compatibility Named Pipe.
[[0;32m  OK  [0m] Listening on /dev/initctl Compatibility Named Pipe.
[   16.945825] systemd[1]: Listening on udev Control Socket.
[[0;32m  OK  [0m] Listening on udev Control Socket.
[   17.011477] systemd[1]: Listening on LVM2 metadata daemon socket.
[[0;32m  OK  [0m] Listening on LVM2 metadata daemon socket.
[   17.054141] systemd[1]: Created slice system-serial\x2dgetty.slice.
[[0;32m  OK  [0m] Created slice system-serial\x2dgetty.slice.
[   17.277879] systemd[1]: Listening on Journal Socket.
[[0;32m  OK  [0m] Listening on Journal Socket.
[   17.425185] systemd[1]: Mounting Huge Pages File System...
         Mounting Huge Pages File System...
[   17.712526] systemd[1]: Starting Remount Root and Kernel File Systems...
[   17.717317] EXT4-fs (sda1): re-mounted. Opts: (null)
         Starting Remount Root and Kernel File Systems...
[   17.783218] systemd[1]: Starting Set console keymap...
         Starting Set console keymap...
[   17.799796] systemd[1]: Starting Monitoring of LVM2 mirrors, snapshots etc. using dmeventd or progress polling...
         Starting Monitoring of LVM2 mirrors... dmeventd or progress polling...
[   17.805146] systemd[1]: Reached target Swap.
[[0;32m  OK  [0m] Reached target Swap.
[   17.849474] systemd[1]: Starting Create list of required static device nodes for the current kernel...
         Starting Create list of required st... nodes for the current kernel...
[   17.921700] systemd[1]: Starting Load Kernel Modules...
[   17.939229] Loading iSCSI transport class v2.0-870.
         Starting Load Kernel Modules...
[   17.948385] random: nonblocking pool is initialized
[   17.957512] systemd[1]: Set up automount Arbitrary Executable File Formats File System Automount Point.
[[0;32m  OK  [0m] Set up autom[   17.995215] iscsi: registered transport (tcp)
ount Arbitrary Executab...ats File System Automount Point.
[   18.043905] iscsi: registered transport (iser)
[   18.065505] systemd[1]: Mounting POSIX Message Queue File System...
         Mounting POSIX Message Queue File System...
[   18.227175] systemd[1]: Reached target Encrypted Volumes.
[[0;32m  OK  [0m] Reached target Encrypted Volumes.
[   18.262209] systemd[1]: Created slice User and Session Slice.
[[0;32m  OK  [0m] Created slice User and Session Slice.
[   18.373632] systemd[1]: Listening on Journal Audit Socket.
[[0;32m  OK  [0m] Listening on Journal Audit Socket.
[   18.597344] systemd[1]: Mounting Debug File System...
         Mounting Debug File System...
[   18.618985] systemd[1]: Reached target Slices.
[[0;32m  OK  [0m] Reached target Slices.
[   18.621939] systemd[1]: Started Trigger resolvconf update for networkd DNS.
[[0;32m  OK  [0m] Started Trigger resolvconf update for networkd DNS.
[   18.805480] systemd[1]: Listening on Syslog Socket.
[[0;32m  OK  [0m] Listening on Syslog Socket.
[   18.909486] systemd[1]: Starting Nameserver information manager...
         Starting Nameserver information manager...
[   18.979387] systemd[1]: Listening on Journal Socket (/dev/log).
[[0;32m  OK  [0m] Listening on Journal Socket (/dev/log).
[   18.984004] systemd[1]: Starting Journal Service...
         Starting Journal Service...
[   18.997451] systemd[1]: Reached target User and Group Name Lookups.
[[0;32m  OK  [0m] Reached target User and Group Name Lookups.
[   19.047505] systemd[1]: Started Forward Password Requests to Wall Directory Watch.
[[0;32m  OK  [0m] Started Forward Password Requests to Wall Directory Watch.
[   19.172453] systemd[1]: Listening on LVM2 poll daemon socket.
[[0;32m  OK  [0m] Listening on LVM2 poll daemon socket.
[   19.233319] systemd[1]: Starting Uncomplicated firewall...
         Starting Uncomplicated firewall...
[   19.278732] systemd[1]: Mounted Huge Pages File System.
[[0;32m  OK  [0m] Mounted Huge Pages File System.
[   19.297170] systemd[1]: Mounted Debug File System.
[[0;32m  OK  [0m] Mounted Debug File System.
[   19.341532] systemd[1]: Mounted POSIX Message Queue File System.
[[0;32m  OK  [0m] Mounted POSIX Message Queue File System.
[   19.465712] systemd[1]: Started Journal Service.
[[0;32m  OK  [0m] Started Journal Service.
[[0;32m  OK  [0m] Started Remount Root and Kernel File Systems.
[[0;32m  OK  [0m] Started Set console keymap.
[[0;32m  OK  [0m] Started Create list of required sta...ce nodes for the current kernel.
[[0;32m  OK  [0m] Started Load Kernel Modules.
[[0;32m  OK  [0m] Started Uncomplicated firewall.
[[0;32m  OK  [0m] Started Nameserver information manager.
[[0;32m  OK  [0m] Started LVM2 metadata daemon.
         Mounting FUSE Control File System...
         Starting Apply Kernel Variables...
         Starting Create Static Device Nodes in /dev...
         Starting udev Coldplug all Devices...
         Starting Initial cloud-init job (pre-networking)...
         Starting Load/Save Random Seed...
         Starting Flush Journal to Persistent Storage...
[[0;32m  OK  [0m] Mounted FUSE Control File System.
[[0;32m  OK  [0m] Started Monitoring of LVM2 mirrors,...ng dmeventd or progress polling.
[[0;32m  OK  [0m] Started Apply Kernel Variables.
[[0;32m  OK  [0m] Started Create Static Device Nodes in /dev.
[[0;32m  OK  [0m] Started Load/Save Random Seed.
[[0;32m  OK  [0m] Started udev Coldplug all Devices.
[[0;32m  OK  [0m] Started Flush Journal to Persistent Storage.
         Starting udev Kernel Device Manager...
[[0;32m  OK  [0m] Started udev Kernel Device Manager.
[[0;32m  OK  [0m] Started Dispatch Password Requests to Console Directory Watch.
[[0;32m  OK  [0m] Reached target Local File Systems (Pre).
[[0;32m  OK  [0m] Reached target Local File Systems.
         Starting Create Volatile Files and Directories...
         Starting Tell Plymouth To Write Out Runtime Data...
         Starting Set console font and keymap...
[   18.791767] cloud-init[442]: Cloud-init v. 0.7.9 running 'init-local' at Tue, 25 Jul 2017 18:29:16 +0000. Up 18.46 seconds.
         Starting LSB: AppArmor initialization...
         Starting Commit a transient machine-id on disk...
[[0;32m  OK  [0m] Started Create Volatile Files and Directories.
[[0;32m  OK  [0m] Started Tell Plymouth To Write Out Runtime Data.
[[0;32m  OK  [0m] Started Set console font and keymap.
[[0;32m  OK  [0m] Started Commit a transient machine-id on disk.
[[0;32m  OK  [0m] Started Initial cloud-init job (pre-networking).
[[0;32m  OK  [0m] Found device /dev/ttyS0.
[[0;32m  OK  [0m] Listening on Load/Save RF Kill Switch Status /dev/rfkill Watch.
[[0;32m  OK  [0m] Reached target Network (Pre).
[[0;32m  OK  [0m] Created slice system-getty.slice.
[[0;32m  OK  [0m] Reached target System Time Synchronized.
         Starting Update UTMP about System Boot/Shutdown...
[[0;32m  OK  [0m] Started Update UTMP about System Boot/Shutdown.
[[0;32m  OK  [0m] Started LSB: AppArmor initialization.
         Starting Raise network interfaces...
[[0;32m  OK  [0m] Started Raise network interfaces.
         Starting Initial cloud-init job (metadata service crawler)...
[[0;32m  OK  [0m] Reached target Network.
[   22.756678] cloud-init[910]: Cloud-init v. 0.7.9 running 'init' at Tue, 25 Jul 2017 18:29:19 +0000. Up 21.89 seconds.
[   22.823887] cloud-init[910]: ci-info: +++++++++++++++++++++++++++++++++++++Net device info++++++++++++++++++++++++++++++++++++++
[   22.824393] cloud-init[910]: ci-info: +--------+------+----------------------------+---------------+-------+-------------------+
[[0;32m  OK  [0m] Started Initial cloud-init job (metadata service crawler).
[   22.824845] cloud-init[910]: ci-info: | Device |  Up  |          Address           |      Mask     | Scope |     Hw-Address    |
[   22.992498] cloud-init[910]: ci-info: +--------+------+----------------------------+---------------+-------+-------------------+
[   22.992995] cloud-init[910]: ci-info: | enp0s3 | True |         10.0.2.15          | 255.255.255.0 |   .   | 02:e9:3a:83:3e:e2 |
[[0;32m  OK  [0m] Reached target Cloud-config availability.
[   22.993202] cloud-init[910]: ci-info: | enp0s3 | True | fe80::e9:3aff:fe83:3ee2/64 |       .       |  link | 02:e9:3a:83:3e:e2 |
[   23.129104] cloud-init[910]: ci-info: |   lo   | True |         127.0.0.1          |   255.0.0.0   |   .   |         .         |
[[0;32m  OK  [0m] Reached target Network is Online.
[   23.129595] cloud-init[910]: ci-info: |   lo   | True |          ::1/128           |       .       |  host |         .         |
[   23.207464] cloud-init[910]: ci-info: +--------+------+----------------------------+---------------+-------+-------------------+
[   23.207924] cloud-init[910]: ci-info: +++++++++++++++++++++++++++Route IPv4 info++++++++++++++++++++++++++++
         Starting iSCSI initiator daemon (iscsid)...
[   23.208185] cloud-init[910]: ci-info: +-------+-------------+----------+---------------+-----------+-------+
[[0;32m  OK  [0m] Reached target System Initialization.
[[   23.258149] cloud-init[910]: ci-info: | Route | Destination | Gateway  |    Genmask    | Interface | Flags |
[   23.287956] cloud-init[910]: ci-info: +-------+-------------+----------+---------------+-----------+-------+
[   23.288043] cloud-init[910]: ci-info: |   0   |   0.0.0.0   | 10.0.2.2 |    0.0.0.0    |   enp0s3  |   UG  |
[0;32m  OK  [0m] Listening on D-Bus System Message Bus Socket.
[   23.288260] cloud-init[910]: ci-info: |   1   |   10.0.2.0  | 0.0.0.0  | 255.255.255.0 |   enp0s3  |   U   |
[   23.300945] cloud-init[910]: ci-info: +-------+-------------+----------+---------------+-----------+-------+
[   23.302569] cloud-init[910]: Generating public/private rsa key pair.
[   23.302894] cloud-init[910]: Your identification has been saved in /etc/ssh/ssh_host_rsa_key.
[   23.303069] cloud-init[910]: Your public key has been saved in /etc/ssh/ssh_host_rsa_key.pub.
[   23.303220] cloud-init[910]: The key fingerprint is:
[   23.303382] cloud-init[910]: SHA256:Esjjl+h3isAfZB4fSkehRLqZnFYunRGUiyURIzoFRSA root@ubuntu-xenial
[   23.303542] cloud-init[910]: The key's randomart image is:
[   23.303705] cloud-init[910]: +---[RSA 2048]----+
[   23.303864] cloud-init[910]: |E=B==..          |
[   23.304063] cloud-init[910]: |oo.=o+ .         |
[   23.304201] cloud-init[910]: |o .+B.o          |
[   23.304358] cloud-init[910]: | o.X.* o         |
[   23.304533] cloud-init[910]: |  O @ * S        |
[   23.304702] cloud-init[910]: | o B * o         |
[   23.304848] cloud-init[910]: |  o = o .        |
[   23.305008] cloud-init[910]: |   o + o         |
[   23.305169] cloud-init[910]: |    o .          |
[   23.305560] cloud-init[910]: +----[SHA256]-----+
[   23.305668] cloud-init[910]: Generating public/private dsa key pair.
[   23.305825] cloud-init[910]: Your identification has been saved in /etc/ssh/ssh_host_dsa_key.
[   23.305990] cloud-init[910]: Your public key has been saved in /etc/ssh/ssh_host_dsa_key.pub.
[[0;32m  OK  [0m] Started ACPI Events Check.
[[   23.306194] cloud-init[910]: The key fingerprint is:
[   23.519653] cloud-init[910]: SHA256:Hic6sXWsNZs8KOHQQpQ9kyafAkcZwatasYaaorRyB2w root@ubuntu-xenial
[   23.519893] cloud-init[910]: The key's randomart image is:
[   23.522028] cloud-init[910]: +---[DSA 1024]----+
[   23.522317] cloud-init[910]: |   o=* .         |
[   23.523770] cloud-init[910]: |  ..* *          |
[   23.524062] cloud-init[910]: |   o.= +         |
[0;32m  OK  [0m] Reached target Paths.
[   23.524675] cloud-init[910]: |  ..o.o  .       |
[   23.621141] cloud-init[910]: | o +o.+ S *      |
[   23.621325] cloud-init[910]: |. E  + B X +     |
[[0;32m  OK  [0m] Started Timer to automatically refresh installed snaps.
         Starting Socket activation for snappy daemon.
[   23.621478] cloud-init[910]: |.B .  * + =      |
[   23.631165] cloud-init[910]: |B o .  o   .     |
[   23.631322] cloud-init[910]: |=o .             |
[[0;32m  OK  [0m] Listening on ACPID Listen Socket.
[   23.631480] cloud-init[910]: +----[SHA256]-----+
[   23.636872] cloud-init[910]: Generating public/private ecdsa key pair.
[   23.637061] cloud-init[910]: Your identification has been saved in /etc/ssh/ssh_host_ecdsa_key.
         Starting LXD - unix socket.
[[0;32m  OK  [0m[   23.637220] ] cloud-initStarted Daily apt activities.[910]: 
Your public key has been saved in /etc/ssh/ssh_host_ecdsa_key.pub.
[   23.649744] cloud-init[910]: The key fingerprint is:
[   23.649928] cloud-init[910]: SHA256:phWTWbDeeRSvj5hYOcpJuLTyXqMb0IZbsOK7m4koePE root@ubuntu-xenial
[[0;32m  OK  [0m] Listening on UUID daemon activation socket.
[[   23.650085] cloud-init[910]: The key's randomart image is:
[   23.653971] cloud-init[910]: +---[ECDSA 256]---+
[   23.654115] cloud-init[910]: |        ... .    |
[   23.654277] cloud-init[910]: |         =   o   |
[   23.656272] cloud-init[910]: |    .   *   . .  |
[0;32m  OK  [0m] Started Daily Cleanup of Temporary Directories.
[[   23.656376] cloud-init[910]: |     = o + + .   |
[   23.661486] cloud-init[910]: |  . + * S * o    |
[   23.661579] cloud-init[910]: | ... * O = = o   |
[   23.661730] cloud-init[910]: |. .oo = B o . .  |
[   23.661881] cloud-init[910]: |+..+Eo + .       |
[   23.662030] cloud-init[910]: |+.*o .=.         |
[   23.662182] cloud-init[910]: +----[SHA256]-----+
[   23.662335] cloud-init[910]: Generating public/private ed25519 key pair.
[   23.662495] cloud-init[910]: Your identification has been saved in /etc/ssh/ssh_host_ed25519_key.
[   23.662991] cloud-init[910]: Your public key has been saved in /etc/ssh/ssh_host_ed25519_key.pub.
[   23.663404] cloud-init[910]: The key fingerprint is:
[   23.663551] cloud-init[910]: SHA256:bbE5ePOOvHpxAAGavXMdZt8yD5ma5919aotdhd275TE root@ubuntu-xenial
[   23.663831] cloud-init[910]: The key's randomart image is:
[   23.663986] cloud-init[910]: +--[ED25519 256]--+
[0;32m  OK  [0m] Reached target Timers.
[   23.664359] cloud-init[910]: |      ....       |
[   23.856382] cloud-init[910]: |     +  .        |
[[0;32m  OK  [0m] Listening on Socket activation for snappy daemon.
[   23.856844] cloud-init[910]: |    o .  .=      |
[   23.900770] cloud-init[910]: |       . *.* + o.|
[[0;32m  OK  [0m] Listening on LXD - unix socket.
[[   23.900880] cloud-init[910]: |      o S X.B o +|
[   23.917346] cloud-init[910]: |       o o.*.=  o|
[0;32m  OK  [0m] Started iSCSI initiator daemon (iscsid).
[   23.917584] cloud-init[910]: |          ooo .Eo|
[   24.020878] cloud-init[910]: |         ..= +.+B|
[   24.052445] cloud-init[910]: |        .o+.+.=+=|
[   24.052860] cloud-init[910]: +----[SHA256]-----+
         Starting Login to default iSCSI targets...
[[0;32m  OK  [0m] Reached target Sockets.
[[0;32m  OK  [0m] Reached target Basic System.
[[0;32m  OK  [0m] Started Unattended Upgrades Shutdown.
         Starting System Logging Service...
         Starting Accounts Service...
         Starting Apply the settings specified in cloud-config...
[[0;32m  OK  [0m] Started Snappy daemon.
         Starting Login Service...
[[0;32m  OK  [0m] Started ACPI event daemon.
         Starting LXD - container startup/shutdown...
         Starting Pollinate to seed the pseudo random number generator...
[[0;32m  OK  [0m] Started FUSE filesystem for LXC.
[[0;32m  OK  [0m] Started Deferred execution scheduler.
         Starting LSB: MD monitoring daemon...
[[0;32m  OK  [0m] Started D-Bus System Message Bus.
         Starting LSB: Record successful boot for GRUB...
[[0;32m  OK  [0m] Started Regular background program processing daemon.
         Starting /etc/rc.local Compatibility...
         Starting Auto import assertions from block devices...
[[0;32m  OK  [0m] Started System Logging Service.
[[0;32m  OK  [0m] Started LXD - container startup/shutdown.
[[0;32m  OK  [0m] Started /etc/rc.local Compatibility.
[   24.852164] cloud-init[1017]: Generating locales (this might take a while)...
[[0;32m  OK  [0m] Started Auto import assertions from block devices.
[[0;32m  OK  [0m] Started Login to default iSCSI targets.
[[0;32m  OK  [0m] Started LSB: MD monitoring daemon.
[[0;32m  OK  [0m] Started LSB: Record successful boot for GRUB.
[[0;32m  OK  [0m] Started Login Service.
         Starting Authenticate and Authorize Users to Run Privileged Tasks...
[[0;32m  OK  [0m] Reached target Remote File Systems (Pre).
[[0;32m  OK  [0m] Reached target Remote File Systems.
         Starting LSB: VirtualBox Linux Additions...
         Starting Permit User Sessions...
         Starting LSB: daemon to balance interrupts for SMP systems...
         Starting LSB: Set the CPU Frequency Scaling governor to "ondemand"...
         Starting LSB: automatic crash report generation...
[[0;32m  OK  [0m] Started Pollinate to seed the pseudo random number generator.
[[0;32m  OK  [0m] Started Permit User Sessions.
[[0;32m  OK  [0m] Started Authenticate and Authorize Users to Run Privileged Tasks.
[[0;32m  OK  [0m] Started Accounts Service.
         Starting Hold until boot process finishes up...
         Starting Terminate Plymouth Boot Screen...
         Starting OpenBSD Secure Shell server...
[[0;32m  OK  [0m] Started LSB: daemon to balance interrupts for SMP systems.
[[0;32m  OK  [0m] Started LSB: VirtualBox Linux Additions.
[[0;32m  OK  [0m] Started LSB: Set the CPU Frequency Scaling governor to "ondemand".
[[0;32m  OK  [0m] Started Hold until boot process finishes up.
[[0;32m  OK  [0m] Started Terminate Plymouth Boot Screen.
[[0;32m  OK  [0m] Started OpenBSD Secure Shell server.
[[0;32m  OK  [0m] Started Serial Getty on ttyS0.
         Starting Set console scheme...
[[0;32m  OK  [0m] Started Getty on tty1.
[[0;32m  OK  [0m] Reached target Login Prompts.
[[0;32m  OK  [0m] Started LSB: automatic crash report generation.
[[0;32m  OK  [0m] Started Set console scheme.
[   25.987089] [cloud-init[0;32m  OK  [0m[1017]: ]   en_US.UTF-8... doneReached target Multi-User System.

[   26.032232] [cloud-init[0;32m  OK  [0m[1017]: ] Generation complete.Reached target Graphical Interface.

         Starting Update UTMP about System Runlevel Changes...
[[0;32m  OK  [0m] Started Update UTMP about System Runlevel Changes.
         Stopping OpenBSD Secure Shell server...
[[0;32m  OK  [0m] Stopped OpenBSD Secure Shell server.
         Starting OpenBSD Secure Shell server...
[[0;32m  OK  [0m] Started OpenBSD Secure Shell server.
[[0;32m  OK  [0m] Created slice User Slice of ubuntu.
         Starting User Manager for UID 1000...
[[0;32m  OK  [0m] Started Session 1 of user ubuntu.
[[0;32m  OK  [0m] Started User Manager for UID 1000.
[   26.645404] cloud-init[1017]: Cloud-init v. 0.7.9 running 'modules:config' at Tue, 25 Jul 2017 18:29:22 +0000. Up 24.69 seconds.
[[0;32m  OK  [0m] Started Apply the settings specified in cloud-config.
         Starting Execute cloud user/final scripts...
ci-info: no authorized ssh keys fingerprints found for user ubuntu.
<14>Jul 25 18:29:25 ec2: 
<14>Jul 25 18:29:25 ec2: #############################################################
<14>Jul 25 18:29:25 ec2: -----BEGIN SSH HOST KEY FINGERPRINTS-----
<14>Jul 25 18:29:25 ec2: 1024 SHA256:Hic6sXWsNZs8KOHQQpQ9kyafAkcZwatasYaaorRyB2w root@ubuntu-xenial (DSA)
<14>Jul 25 18:29:25 ec2: 256 SHA256:phWTWbDeeRSvj5hYOcpJuLTyXqMb0IZbsOK7m4koePE root@ubuntu-xenial (ECDSA)
<14>Jul 25 18:29:25 ec2: 256 SHA256:bbE5ePOOvHpxAAGavXMdZt8yD5ma5919aotdhd275TE root@ubuntu-xenial (ED25519)
<14>Jul 25 18:29:25 ec2: 2048 SHA256:Esjjl+h3isAfZB4fSkehRLqZnFYunRGUiyURIzoFRSA root@ubuntu-xenial (RSA)
<14>Jul 25 18:29:25 ec2: -----END SSH HOST KEY FINGERPRINTS-----
<14>Jul 25 18:29:25 ec2: #############################################################
-----BEGIN SSH HOST KEY KEYS-----
ecdsa-sha2-nistp256 AAAAE2VjZHNhLXNoYTItbmlzdHAyNTYAAAAIbmlzdHAyNTYAAABBBAVNtqh0jlnniP83OIxlsnjD7mhjFMjU7Sajo4DCnoatZKXNOClT2f9clmLHQF+CHwYfhhCJ2kLtcXqNSgHwYoM= root@ubuntu-xenial
ssh-ed25519 AAAAC3NzaC1lZDI1NTE5AAAAIBL2MNDgqG5eR7DVE2c19mW+2Alp2FdEnYUVcyx+Q6A7 root@ubuntu-xenial
ssh-rsa AAAAB3NzaC1yc2EAAAADAQABAAABAQC2g4JxQWZNxpIZmfQSIe0xDsjFZ1lIkP/9LWEvDHRWD2lh5ED9hlHaTaQpDQK3sxA5S4rLA0+0ctqqzGBrSBBXEeLD0BR8sJmrKFVRWAOyeE6hzdoAqmMJxDus3oXM9q+NA3sIatL1+9fDtZUtpvtl3QIIM2O9L8mHGaoFI79cL6IUIRLzsbnQKomQyjcLMaJ4zwwt6Sortv9tYfopNYlpOH/oA/hdpEuKYReKw96/gzj51XyLepMHbvYsvGX1lYnP0TQRxoC/wnEYB84SacNkMzJbb4tVFyLi7DQuCs/KtdULt5S3v7ub+hKuzK0zA/uN/CMxSb2EsDKwkVdkmYUh root@ubuntu-xenial
-----END SSH HOST KEY KEYS-----
[   27.929410] cloud-init[1340]: Cloud-init v. 0.7.9 running 'modules:final' at Tue, 25 Jul 2017 18:29:24 +0000. Up 27.23 seconds.
[   28.047861] cloud-init[1340]: ci-info: no authorized ssh keys fingerprints found for user ubuntu.
[   28.048137] cloud-init[1340]: Cloud-init v. 0.7.9 finished at Tue, 25 Jul 2017 18:29:25 +0000. Datasource DataSourceNoCloud [seed=/dev/sdb][dsmode=net].  Up 27.91 seconds
[[0;32m  OK  [0m] Started Execute cloud user/final scripts.
[[0;32m  OK  [0m] Reached target Cloud-init target.

Ubuntu 16.04.2 LTS ubuntu-xenial ttyS0

ubuntu-xenial login: 